c:\users\usuario\source\repos\g10-hanisch-kessel-tp\tp2-kesselhanisch\tp2-kesselhanisch\x64\debug\vc143.pdb
c:\users\usuario\source\repos\g10-hanisch-kessel-tp\tp2-kesselhanisch\tp2-kesselhanisch\x64\debug\vc143.idb
c:\users\usuario\source\repos\g10-hanisch-kessel-tp\tp2-kesselhanisch\tp2-kesselhanisch\x64\debug\source.obj
c:\users\usuario\source\repos\g10-hanisch-kessel-tp\tp2-kesselhanisch\tp2-kesselhanisch\x64\debug\cvelas.obj
c:\users\usuario\source\repos\g10-hanisch-kessel-tp\tp2-kesselhanisch\tp2-kesselhanisch\x64\debug\cvajilla.obj
c:\users\usuario\source\repos\g10-hanisch-kessel-tp\tp2-kesselhanisch\tp2-kesselhanisch\x64\debug\ctrabajador.obj
c:\users\usuario\source\repos\g10-hanisch-kessel-tp\tp2-kesselhanisch\tp2-kesselhanisch\x64\debug\creposteria.obj
c:\users\usuario\source\repos\g10-hanisch-kessel-tp\tp2-kesselhanisch\tp2-kesselhanisch\x64\debug\cpersona.obj
c:\users\usuario\source\repos\g10-hanisch-kessel-tp\tp2-kesselhanisch\tp2-kesselhanisch\x64\debug\clocal.obj
c:\users\usuario\source\repos\g10-hanisch-kessel-tp\tp2-kesselhanisch\tp2-kesselhanisch\x64\debug\cgolosinas.obj
c:\users\usuario\source\repos\g10-hanisch-kessel-tp\tp2-kesselhanisch\tp2-kesselhanisch\x64\debug\cglobos.obj
c:\users\usuario\source\repos\g10-hanisch-kessel-tp\tp2-kesselhanisch\tp2-kesselhanisch\x64\debug\cencargado.obj
c:\users\usuario\source\repos\g10-hanisch-kessel-tp\tp2-kesselhanisch\tp2-kesselhanisch\x64\debug\cempleado.obj
c:\users\usuario\source\repos\g10-hanisch-kessel-tp\tp2-kesselhanisch\tp2-kesselhanisch\x64\debug\cdisfraces.obj
c:\users\usuario\source\repos\g10-hanisch-kessel-tp\tp2-kesselhanisch\tp2-kesselhanisch\x64\debug\ccotillon.obj
c:\users\usuario\source\repos\g10-hanisch-kessel-tp\tp2-kesselhanisch\tp2-kesselhanisch\x64\debug\ccliente.obj
c:\users\usuario\source\repos\g10-hanisch-kessel-tp\tp2-kesselhanisch\tp2-kesselhanisch\x64\debug\ccarrito.obj
c:\users\usuario\source\repos\g10-hanisch-kessel-tp\tp2-kesselhanisch\tp2-kesselhanisch\x64\debug\carticulos.obj
c:\users\usuario\source\repos\g10-hanisch-kessel-tp\tp2-kesselhanisch\x64\debug\tp2-kesselhanisch.exe
c:\users\usuario\source\repos\g10-hanisch-kessel-tp\tp2-kesselhanisch\tp2-kesselhanisch\x64\debug\tp2-kesselhanisch.ilk
c:\users\usuario\source\repos\g10-hanisch-kessel-tp\tp2-kesselhanisch\x64\debug\tp2-kesselhanisch.pdb
c:\users\usuario\source\repos\g10-hanisch-kessel-tp\tp2-kesselhanisch\tp2-kesselhanisch\x64\debug\tp2-kess.ddd9d41c.tlog\cl.command.1.tlog
c:\users\usuario\source\repos\g10-hanisch-kessel-tp\tp2-kesselhanisch\tp2-kesselhanisch\x64\debug\tp2-kess.ddd9d41c.tlog\cl.read.1.tlog
c:\users\usuario\source\repos\g10-hanisch-kessel-tp\tp2-kesselhanisch\tp2-kesselhanisch\x64\debug\tp2-kess.ddd9d41c.tlog\cl.write.1.tlog
c:\users\usuario\source\repos\g10-hanisch-kessel-tp\tp2-kesselhanisch\tp2-kesselhanisch\x64\debug\tp2-kess.ddd9d41c.tlog\link.command.1.tlog
c:\users\usuario\source\repos\g10-hanisch-kessel-tp\tp2-kesselhanisch\tp2-kesselhanisch\x64\debug\tp2-kess.ddd9d41c.tlog\link.read.1.tlog
c:\users\usuario\source\repos\g10-hanisch-kessel-tp\tp2-kesselhanisch\tp2-kesselhanisch\x64\debug\tp2-kess.ddd9d41c.tlog\link.write.1.tlog
