c:\users\franco\source\repos\g10-hanisch-kessel-tp\tp2-kesselhanisch\tp2-kesselhanisch\debug\vc143.pdb
c:\users\franco\source\repos\g10-hanisch-kessel-tp\tp2-kesselhanisch\tp2-kesselhanisch\debug\vc143.idb
c:\users\franco\source\repos\g10-hanisch-kessel-tp\tp2-kesselhanisch\tp2-kesselhanisch\debug\source.obj
c:\users\franco\source\repos\g10-hanisch-kessel-tp\tp2-kesselhanisch\tp2-kesselhanisch\debug\cvelas.obj
c:\users\franco\source\repos\g10-hanisch-kessel-tp\tp2-kesselhanisch\tp2-kesselhanisch\debug\ctrabajador.obj
c:\users\franco\source\repos\g10-hanisch-kessel-tp\tp2-kesselhanisch\tp2-kesselhanisch\debug\creposteria.obj
c:\users\franco\source\repos\g10-hanisch-kessel-tp\tp2-kesselhanisch\tp2-kesselhanisch\debug\cpersona.obj
c:\users\franco\source\repos\g10-hanisch-kessel-tp\tp2-kesselhanisch\tp2-kesselhanisch\debug\cgolosinas.obj
c:\users\franco\source\repos\g10-hanisch-kessel-tp\tp2-kesselhanisch\tp2-kesselhanisch\debug\cglobos.obj
c:\users\franco\source\repos\g10-hanisch-kessel-tp\tp2-kesselhanisch\tp2-kesselhanisch\debug\cencargado.obj
c:\users\franco\source\repos\g10-hanisch-kessel-tp\tp2-kesselhanisch\tp2-kesselhanisch\debug\cempleado.obj
c:\users\franco\source\repos\g10-hanisch-kessel-tp\tp2-kesselhanisch\tp2-kesselhanisch\debug\cdisfraces.obj
c:\users\franco\source\repos\g10-hanisch-kessel-tp\tp2-kesselhanisch\tp2-kesselhanisch\debug\ccliente.obj
c:\users\franco\source\repos\g10-hanisch-kessel-tp\tp2-kesselhanisch\tp2-kesselhanisch\debug\ccarrito.obj
c:\users\franco\source\repos\g10-hanisch-kessel-tp\tp2-kesselhanisch\tp2-kesselhanisch\debug\carticulos.obj
c:\users\franco\source\repos\g10-hanisch-kessel-tp\tp2-kesselhanisch\tp2-kesselhanisch\debug\cvajilla.obj
c:\users\franco\source\repos\g10-hanisch-kessel-tp\tp2-kesselhanisch\tp2-kesselhanisch\debug\clocal.obj
c:\users\usuario\source\repos\g10-hanisch-kessel-tp\tp2-kesselhanisch\tp2-kesselhanisch\debug\vc143.pdb
c:\users\usuario\source\repos\g10-hanisch-kessel-tp\tp2-kesselhanisch\tp2-kesselhanisch\debug\vc143.idb
c:\users\usuario\source\repos\g10-hanisch-kessel-tp\tp2-kesselhanisch\tp2-kesselhanisch\debug\source.obj
c:\users\usuario\source\repos\g10-hanisch-kessel-tp\tp2-kesselhanisch\tp2-kesselhanisch\debug\cvelas.obj
c:\users\usuario\source\repos\g10-hanisch-kessel-tp\tp2-kesselhanisch\tp2-kesselhanisch\debug\cvajilla.obj
c:\users\usuario\source\repos\g10-hanisch-kessel-tp\tp2-kesselhanisch\tp2-kesselhanisch\debug\ctrabajador.obj
c:\users\usuario\source\repos\g10-hanisch-kessel-tp\tp2-kesselhanisch\tp2-kesselhanisch\debug\creposteria.obj
c:\users\usuario\source\repos\g10-hanisch-kessel-tp\tp2-kesselhanisch\tp2-kesselhanisch\debug\cpersona.obj
c:\users\usuario\source\repos\g10-hanisch-kessel-tp\tp2-kesselhanisch\tp2-kesselhanisch\debug\clocal.obj
c:\users\usuario\source\repos\g10-hanisch-kessel-tp\tp2-kesselhanisch\tp2-kesselhanisch\debug\cgolosinas.obj
c:\users\usuario\source\repos\g10-hanisch-kessel-tp\tp2-kesselhanisch\tp2-kesselhanisch\debug\cglobos.obj
c:\users\usuario\source\repos\g10-hanisch-kessel-tp\tp2-kesselhanisch\tp2-kesselhanisch\debug\cencargado.obj
c:\users\usuario\source\repos\g10-hanisch-kessel-tp\tp2-kesselhanisch\tp2-kesselhanisch\debug\cempleado.obj
c:\users\usuario\source\repos\g10-hanisch-kessel-tp\tp2-kesselhanisch\tp2-kesselhanisch\debug\cdisfraces.obj
c:\users\usuario\source\repos\g10-hanisch-kessel-tp\tp2-kesselhanisch\tp2-kesselhanisch\debug\ccotillon.obj
c:\users\usuario\source\repos\g10-hanisch-kessel-tp\tp2-kesselhanisch\tp2-kesselhanisch\debug\ccliente.obj
c:\users\usuario\source\repos\g10-hanisch-kessel-tp\tp2-kesselhanisch\tp2-kesselhanisch\debug\ccarrito.obj
c:\users\usuario\source\repos\g10-hanisch-kessel-tp\tp2-kesselhanisch\tp2-kesselhanisch\debug\carticulos.obj
c:\users\usuario\source\repos\g10-hanisch-kessel-tp\tp2-kesselhanisch\tp2-kesselhanisch\debug\tp2-kess.ddd9d41c.tlog\cl.command.1.tlog
c:\users\usuario\source\repos\g10-hanisch-kessel-tp\tp2-kesselhanisch\tp2-kesselhanisch\debug\tp2-kess.ddd9d41c.tlog\cl.read.1.tlog
c:\users\usuario\source\repos\g10-hanisch-kessel-tp\tp2-kesselhanisch\tp2-kesselhanisch\debug\tp2-kess.ddd9d41c.tlog\cl.write.1.tlog
